[2025-03-15 16:12:54] [INFO] Libraries Built
[2025-03-15 16:13:01] [INFO] Instanitate Fitzhugh-Nagumo model
[2025-03-15 16:18:38] [INFO] Generated synthetic data for FitzHugh-Nagumo model
[2025-03-15 16:18:38] [INFO] Saving data to neuronModels/SavedModels/_FitzhughNagumoModel/FitzhughNagumoModel.npz
[2025-03-15 16:19:00] [INFO] Instanitate izhikevich model
[2025-03-15 16:19:00] [INFO] Loaded data from neuronModels/SavedModels/_IzhikevicModel/IzhikevicModel.npz
[2025-03-15 16:20:40] [INFO] Libraries Built
[2025-03-15 16:21:38] [INFO] Instanitate LIF model
[2025-03-15 16:21:38] [INFO] Generated synthetic data for LIF model
[2025-03-15 16:21:38] [INFO] Saving data to neuronModels/SavedModels/_LifModel/LifModel.npz
[2025-03-15 16:21:46] [INFO] Instanitate LIF model
[2025-03-15 16:21:46] [INFO] Loaded data from neuronModels/SavedModels/_LifModel/LifModel.npz

[2025-03-15 16:28:55] [INFO] Instanitate Fitzhugh-Nagumo model
[2025-03-15 16:28:55] [INFO] Loaded data from neuronModels/SavedModels/_FitzhughNagumoModel/FitzhughNagumoModel.npz
[2025-03-15 16:28:55] [INFO] Instanitate izhikevich model
[2025-03-15 16:28:55] [INFO] Loaded data from neuronModels/SavedModels/_IzhikevicModel/IzhikevicModel.npz
[2025-03-15 16:28:55] [INFO] Instanitate LIF model
[2025-03-15 16:29:04] [INFO] Instanitate Fitzhugh-Nagumo model
[2025-03-15 16:29:04] [INFO] Loaded data from neuronModels/SavedModels/_FitzhughNagumoModel/FitzhughNagumoModel.npz
[2025-03-15 16:29:04] [INFO] Instanitate izhikevich model
[2025-03-15 16:29:04] [INFO] Loaded data from neuronModels/SavedModels/_IzhikevicModel/IzhikevicModel.npz
[2025-03-15 16:29:04] [INFO] Instanitate LIF model
[2025-03-15 16:29:04] [INFO] Loaded data from neuronModels/SavedModels/_LifModel/LifModel.npz
[2025-03-15 16:29:56] [INFO] Libraries Built
[2025-03-15 16:30:30] [INFO] Instanitate Fitzhugh-Nagumo model
[2025-03-15 16:30:30] [INFO] Loaded data from neuronModels/SavedModels/_FitzhughNagumoModel/FitzhughNagumoModel.npz
[2025-03-15 16:30:30] [INFO] Instanitate izhikevich model
[2025-03-15 16:30:30] [INFO] Loaded data from neuronModels/SavedModels/_IzhikevicModel/IzhikevicModel.npz
[2025-03-15 16:30:30] [INFO] Instanitate LIF model
[2025-03-15 16:30:30] [INFO] Loaded data from neuronModels/SavedModels/_LifModel/LifModel.npz
[2025-03-15 16:35:08] [INFO] Libraries Built
[2025-03-15 16:38:11] [INFO] Libraries Built
[2025-03-15 16:39:16] [INFO] Instanitate Fitzhugh-Nagumo model
[2025-03-15 16:39:16] [INFO] Loaded data from neuronModels/SavedModels/_FitzhughNagumoModel/FitzhughNagumoModel.npz
[2025-03-15 16:39:16] [INFO] Instanitate izhikevich model
[2025-03-15 16:39:16] [INFO] Loaded data from neuronModels/SavedModels/_IzhikevicModel/IzhikevicModel.npz
[2025-03-15 16:39:16] [INFO] Instanitate LIF model
[2025-03-15 16:39:16] [INFO] Loaded data from neuronModels/SavedModels/_LifModel/LifModel.npz
[2025-03-15 16:39:39] [INFO] Libraries Built
[2025-03-15 16:40:28] [INFO] Libraries Built
[2025-03-15 16:42:41] [INFO] Created GRU network
[2025-03-15 16:42:41] [INFO] Training started..
[2025-03-15 16:42:47] [INFO] Epoch [20/200], Train Loss: 0.0002 
[2025-03-15 16:42:52] [INFO] Epoch [40/200], Train Loss: 0.0000 
[2025-03-15 16:42:58] [INFO] Epoch [60/200], Train Loss: 0.0000 
[2025-03-15 16:43:04] [INFO] Epoch [80/200], Train Loss: 0.0000 
[2025-03-15 16:43:09] [INFO] Epoch [100/200], Train Loss: 0.0000 
[2025-03-15 16:43:15] [INFO] Epoch [120/200], Train Loss: 0.0000 
[2025-03-15 16:43:20] [INFO] Epoch [140/200], Train Loss: 0.0000 
[2025-03-15 16:43:26] [INFO] Epoch [160/200], Train Loss: 0.0000 
[2025-03-15 16:43:31] [INFO] Epoch [180/200], Train Loss: 0.0000 
[2025-03-15 16:43:37] [INFO] Epoch [200/200], Train Loss: 0.0000 
[2025-03-15 16:43:37] [INFO] Training ended
[2025-03-15 16:46:27] [INFO] Created GRU network
[2025-03-15 16:46:27] [INFO] Training started..
[2025-03-15 16:46:32] [INFO] Epoch [20/200], Train Loss: 0.1365 
[2025-03-15 16:46:38] [INFO] Epoch [40/200], Train Loss: 0.0365 
[2025-03-15 16:46:44] [INFO] Epoch [60/200], Train Loss: 0.0189 
[2025-03-15 16:46:51] [INFO] Epoch [80/200], Train Loss: 0.0157 
[2025-03-15 16:46:58] [INFO] Epoch [100/200], Train Loss: 0.0147 
[2025-03-15 16:47:04] [INFO] Epoch [120/200], Train Loss: 0.0144 
[2025-03-15 16:47:11] [INFO] Epoch [140/200], Train Loss: 0.0141 
[2025-03-15 16:47:17] [INFO] Epoch [160/200], Train Loss: 0.0135 
[2025-03-15 16:47:23] [INFO] Epoch [180/200], Train Loss: 0.0137 
[2025-03-15 16:47:30] [INFO] Epoch [200/200], Train Loss: 0.0126 
[2025-03-15 16:47:30] [INFO] Training ended
[2025-03-15 16:47:30] [INFO] Predictions forecasted
[2025-03-15 16:50:50] [INFO] Created GRU network
[2025-03-15 16:50:50] [INFO] Training started..
[2025-03-15 16:50:55] [INFO] Epoch [20/200], Train Loss: 0.0002 
[2025-03-15 16:51:01] [INFO] Epoch [40/200], Train Loss: 0.0000 
[2025-03-15 16:51:07] [INFO] Epoch [60/200], Train Loss: 0.0000 
[2025-03-15 16:51:12] [INFO] Epoch [80/200], Train Loss: 0.0000 
[2025-03-15 16:51:17] [INFO] Epoch [100/200], Train Loss: 0.0000 
[2025-03-15 16:51:23] [INFO] Epoch [120/200], Train Loss: 0.0000 
[2025-03-15 16:51:28] [INFO] Epoch [140/200], Train Loss: 0.0000 
[2025-03-15 16:51:34] [INFO] Epoch [160/200], Train Loss: 0.0000 
[2025-03-15 16:51:39] [INFO] Epoch [180/200], Train Loss: 0.0000 
[2025-03-15 16:51:45] [INFO] Epoch [200/200], Train Loss: 0.0000 
[2025-03-15 16:51:45] [INFO] Training ended
[2025-03-15 16:55:18] [INFO] Created GRU network
[2025-03-15 16:55:18] [INFO] Training started..
[2025-03-15 16:55:24] [INFO] Epoch [20/200], Train Loss: 0.0003 
[2025-03-15 16:55:30] [INFO] Epoch [40/200], Train Loss: 0.0000 
[2025-03-15 16:55:35] [INFO] Epoch [60/200], Train Loss: 0.0000 
[2025-03-15 16:55:41] [INFO] Epoch [80/200], Train Loss: 0.0000 
[2025-03-15 16:55:46] [INFO] Epoch [100/200], Train Loss: 0.0000 
[2025-03-15 16:55:52] [INFO] Epoch [120/200], Train Loss: 0.0000 
[2025-03-15 16:55:57] [INFO] Epoch [140/200], Train Loss: 0.0000 
[2025-03-15 16:56:03] [INFO] Epoch [160/200], Train Loss: 0.0000 
[2025-03-15 16:56:08] [INFO] Epoch [180/200], Train Loss: 0.0000 
[2025-03-15 16:56:14] [INFO] Epoch [200/200], Train Loss: 0.0000 
[2025-03-15 16:56:14] [INFO] Training ended
[2025-03-15 16:59:15] [INFO] Created GRU network
[2025-03-15 16:59:15] [INFO] Training started..
[2025-03-15 16:59:25] [INFO] Epoch [20/200], Train Loss: 0.0003 
[2025-03-15 16:59:36] [INFO] Epoch [40/200], Train Loss: 0.0000 
[2025-03-15 16:59:46] [INFO] Epoch [60/200], Train Loss: 0.0000 
[2025-03-15 16:59:56] [INFO] Epoch [80/200], Train Loss: 0.0000 
[2025-03-15 17:00:06] [INFO] Epoch [100/200], Train Loss: 0.0000 
[2025-03-15 17:00:17] [INFO] Epoch [120/200], Train Loss: 0.0000 
[2025-03-15 17:00:27] [INFO] Epoch [140/200], Train Loss: 0.0000 
[2025-03-15 17:00:37] [INFO] Epoch [160/200], Train Loss: 0.0000 
[2025-03-15 17:00:47] [INFO] Epoch [180/200], Train Loss: 0.0000 
[2025-03-15 17:00:57] [INFO] Epoch [200/200], Train Loss: 0.0000 
[2025-03-15 17:00:57] [INFO] Training ended
[2025-03-15 17:03:17] [INFO] Created GRU network
[2025-03-15 17:03:17] [INFO] Training started..
[2025-03-15 17:03:23] [INFO] Epoch [20/200], Train Loss: 0.0002 
[2025-03-15 17:03:30] [INFO] Epoch [40/200], Train Loss: 0.0000 
[2025-03-15 17:03:35] [INFO] Epoch [60/200], Train Loss: 0.0000 
[2025-03-15 17:03:41] [INFO] Epoch [80/200], Train Loss: 0.0000 
[2025-03-15 17:03:47] [INFO] Epoch [100/200], Train Loss: 0.0000 
[2025-03-15 17:03:53] [INFO] Epoch [120/200], Train Loss: 0.0000 
[2025-03-15 17:03:58] [INFO] Epoch [140/200], Train Loss: 0.0000 
[2025-03-15 17:04:04] [INFO] Epoch [160/200], Train Loss: 0.0000 
[2025-03-15 17:04:10] [INFO] Epoch [180/200], Train Loss: 0.0000 
[2025-03-15 17:04:15] [INFO] Epoch [200/200], Train Loss: 0.0000 
[2025-03-15 17:04:15] [INFO] Training ended
[2025-03-15 17:04:48] [INFO] Libraries Built
[2025-03-15 17:11:55] [INFO] Libraries Built
[2025-03-15 17:13:14] [INFO] Libraries Built
[2025-03-15 17:14:08] [INFO] Libraries Built
[2025-03-15 17:14:56] [INFO] Libraries Built
[2025-03-15 17:15:10] [INFO] Instanitate Fitzhugh-Nagumo model
[2025-03-15 17:15:10] [INFO] Loaded data from neuronModels/SavedModels/_FitzhughNagumoModel/FitzhughNagumoModel.npz
[2025-03-15 17:15:10] [INFO] Instanitate izhikevich model
[2025-03-15 17:15:10] [INFO] Loaded data from neuronModels/SavedModels/_IzhikevicModel/IzhikevicModel.npz
[2025-03-15 17:15:10] [INFO] Instanitate LIF model
[2025-03-15 17:15:10] [INFO] Loaded data from neuronModels/SavedModels/_LifModel/LifModel.npz
[2025-03-15 17:16:12] [INFO] Created GRU network
[2025-03-15 17:16:12] [INFO] Training started..
[2025-03-15 17:16:17] [INFO] Epoch [20/200], Train Loss: 0.0003 
[2025-03-15 17:16:23] [INFO] Epoch [40/200], Train Loss: 0.0000 
[2025-03-15 17:16:28] [INFO] Epoch [60/200], Train Loss: 0.0000 
[2025-03-15 17:16:34] [INFO] Epoch [80/200], Train Loss: 0.0000 
[2025-03-15 17:16:40] [INFO] Epoch [100/200], Train Loss: 0.0000 
[2025-03-15 17:16:45] [INFO] Epoch [120/200], Train Loss: 0.0000 
[2025-03-15 17:16:51] [INFO] Epoch [140/200], Train Loss: 0.0000 
[2025-03-15 17:16:56] [INFO] Epoch [160/200], Train Loss: 0.0000 
[2025-03-15 17:17:02] [INFO] Epoch [180/200], Train Loss: 0.0000 
[2025-03-15 17:17:08] [INFO] Epoch [200/200], Train Loss: 0.0000 
[2025-03-15 17:17:08] [INFO] Training ended
[2025-03-15 17:17:41] [INFO] Libraries Built
[2025-03-15 17:17:50] [INFO] Created GRU network
[2025-03-15 17:17:50] [INFO] Training started..
[2025-03-15 17:17:55] [INFO] Epoch [20/200], Train Loss: 0.0001 
[2025-03-15 17:18:01] [INFO] Epoch [40/200], Train Loss: 0.0000 
[2025-03-15 17:18:06] [INFO] Epoch [60/200], Train Loss: 0.0000 
[2025-03-15 17:18:12] [INFO] Epoch [80/200], Train Loss: 0.0000 
[2025-03-15 17:18:18] [INFO] Epoch [100/200], Train Loss: 0.0000 
[2025-03-15 17:18:23] [INFO] Epoch [120/200], Train Loss: 0.0000 
[2025-03-15 17:18:29] [INFO] Epoch [140/200], Train Loss: 0.0000 
[2025-03-15 17:18:34] [INFO] Epoch [160/200], Train Loss: 0.0000 
[2025-03-15 17:18:40] [INFO] Epoch [180/200], Train Loss: 0.0000 
[2025-03-15 17:18:46] [INFO] Epoch [200/200], Train Loss: 0.0000 
[2025-03-15 17:18:46] [INFO] Training ended
[2025-03-15 17:22:31] [INFO] Libraries Built
[2025-03-15 17:23:30] [INFO] Created GRU network
[2025-03-15 17:23:30] [INFO] Training started..
[2025-03-15 17:23:40] [INFO] Epoch [20/200], Train Loss: 0.0001 
[2025-03-15 17:23:50] [INFO] Epoch [40/200], Train Loss: 0.0000 
[2025-03-15 17:24:00] [INFO] Epoch [60/200], Train Loss: 0.0000 
[2025-03-15 17:24:11] [INFO] Epoch [80/200], Train Loss: 0.0000 
[2025-03-15 17:24:21] [INFO] Epoch [100/200], Train Loss: 0.0000 
[2025-03-15 17:24:30] [INFO] Epoch [120/200], Train Loss: 0.0000 
[2025-03-15 17:24:41] [INFO] Epoch [140/200], Train Loss: 0.0000 
[2025-03-15 17:24:51] [INFO] Epoch [160/200], Train Loss: 0.0000 
[2025-03-15 17:25:01] [INFO] Epoch [180/200], Train Loss: 0.0000 
[2025-03-15 17:25:11] [INFO] Epoch [200/200], Train Loss: 0.0000 
[2025-03-15 17:25:11] [INFO] Training ended
